{"level":"error","message":"Login error for kalyanseervi567@gmail.com: getaddrinfo ENOTFOUND ac-xdfvfpr-shard-00-02.sxw2jd1.mongodb.net","timestamp":"2024-09-05T04:51:25.093Z"}
{"level":"error","message":"Login error for kalyanseervi567@gmail.com: getaddrinfo ENOTFOUND ac-xdfvfpr-shard-00-02.sxw2jd1.mongodb.net","timestamp":"2024-09-05T04:51:29.514Z"}
{"level":"error","message":"Login error for kalyanseervi567@gmail.com: getaddrinfo ENOTFOUND ac-xdfvfpr-shard-00-02.sxw2jd1.mongodb.net","timestamp":"2024-09-05T04:52:22.853Z"}
{"level":"error","message":"Login error for kalyanseervi567@gmail.com: getaddrinfo ENOTFOUND ac-xdfvfpr-shard-00-02.sxw2jd1.mongodb.net","timestamp":"2024-09-05T04:52:25.235Z"}
{"level":"error","message":"Login error for kalyanseervi567@gmail.com: read ECONNRESET","timestamp":"2024-09-05T11:25:05.951Z"}
{"level":"error","message":"Login error for kalyanseerviy125@gmail.com: read ECONNRESET","timestamp":"2024-09-05T17:10:54.390Z"}
{"level":"error","message":"Login error for kalyanseerviy125@gmail.com: read ECONNRESET","timestamp":"2024-09-05T17:10:58.228Z"}
{"level":"info","message":"Verification email sent to liyoho5447@konetas.com successfully.","timestamp":"2024-09-09T05:39:41.745Z"}
{"level":"info","message":"Credentials email sent to liyoho5447@konetas.com successfully.","timestamp":"2024-09-09T05:39:44.238Z"}
{"level":"info","message":"Verification email sent to wilono3228@degcos.com successfully.","timestamp":"2024-09-16T04:45:05.734Z"}
{"level":"info","message":"Credentials email sent to wilono3228@degcos.com successfully.","timestamp":"2024-09-16T04:45:08.612Z"}
{"level":"info","message":"Verification email sent to betom37535@heweek.com successfully.","timestamp":"2024-09-16T08:10:20.540Z"}
{"level":"info","message":"Credentials email sent to betom37535@heweek.com successfully.","timestamp":"2024-09-16T08:10:25.182Z"}
{"level":"info","message":"Verification email sent to ciyab94432@asaud.com successfully.","timestamp":"2024-09-16T08:19:14.667Z"}
{"level":"info","message":"Credentials email sent to ciyab94432@asaud.com successfully.","timestamp":"2024-09-16T08:19:19.842Z"}
{"level":"info","message":"Verification email sent to cajirob113@cetnob.com successfully.","timestamp":"2024-09-16T08:25:21.292Z"}
{"level":"info","message":"Credentials email sent to cajirob113@cetnob.com successfully.","timestamp":"2024-09-16T08:25:25.471Z"}
{"level":"info","message":"Verification email sent to becor76999@asaud.com successfully.","timestamp":"2024-09-16T08:31:32.230Z"}
{"level":"info","message":"Credentials email sent to becor76999@asaud.com successfully.","timestamp":"2024-09-16T08:31:36.816Z"}
{"level":"info","message":"Verification email sent to fayaj68593@degcos.com successfully.","timestamp":"2024-09-16T08:35:44.118Z"}
{"level":"info","message":"Credentials email sent to fayaj68593@degcos.com successfully.","timestamp":"2024-09-16T08:35:48.378Z"}
{"level":"info","message":"Verification email sent to yajira3403@heweek.com successfully.","timestamp":"2024-09-16T08:38:38.669Z"}
{"level":"info","message":"Credentials email sent to yajira3403@heweek.com successfully.","timestamp":"2024-09-16T08:38:42.779Z"}
{"level":"info","message":"Verification email sent to jinika1603@asaud.com successfully.","timestamp":"2024-09-16T08:41:10.178Z"}
{"level":"info","message":"Credentials email sent to jinika1603@asaud.com successfully.","timestamp":"2024-09-16T08:41:15.275Z"}
{"level":"info","message":"Verification email sent to hepeki4669@degcos.com successfully.","timestamp":"2024-09-16T09:07:30.254Z"}
{"level":"info","message":"Credentials email sent to hepeki4669@degcos.com successfully.","timestamp":"2024-09-16T09:07:35.047Z"}
{"level":"info","message":"Verification email sent to jofemad997@cetnob.com successfully.","timestamp":"2024-09-16T09:11:02.011Z"}
{"level":"info","message":"Credentials email sent to jofemad997@cetnob.com successfully.","timestamp":"2024-09-16T09:11:06.048Z"}
{"level":"error","message":"Login error for ciyab94432@asaud.com: read ECONNRESET","timestamp":"2024-09-16T09:59:07.213Z"}
{"level":"error","message":"Login error for kalyanseervi567@gmail.com: read ECONNRESET","timestamp":"2024-09-16T17:01:57.638Z"}
{"level":"error","message":"Login error for fayaj68593@degcos.com: read ECONNRESET","timestamp":"2024-09-16T17:05:09.336Z"}
{"level":"info","message":"Verification email sent to kalyanseervi700@gmail.com successfully.","timestamp":"2024-09-16T18:24:27.191Z"}
{"level":"info","message":"Verification email sent to jofemad997@cetnob.com successfully.","timestamp":"2024-09-16T18:36:47.050Z"}
{"level":"info","message":"Credentials email sent to jofemad997@cetnob.com successfully.","timestamp":"2024-09-16T18:36:50.948Z"}
{"level":"info","message":"Verification email sent to gopido1631@cetnob.com successfully.","timestamp":"2024-09-16T18:40:57.866Z"}
{"level":"info","message":"Credentials email sent to gopido1631@cetnob.com successfully.","timestamp":"2024-09-16T18:41:00.576Z"}
{"level":"info","message":"Verification email sent to reloxo7451@asaud.com successfully.","timestamp":"2024-09-16T18:41:40.519Z"}
{"level":"info","message":"Credentials email sent to reloxo7451@asaud.com successfully.","timestamp":"2024-09-16T18:41:43.919Z"}
{"level":"info","message":"Verification email sent to hokibac669@heweek.com successfully.","timestamp":"2024-09-16T18:45:25.802Z"}
{"level":"info","message":"Credentials email sent to hokibac669@heweek.com successfully.","timestamp":"2024-09-16T18:45:28.858Z"}
